[2017-02-15 19:19:44] START
[2017-02-15 19:19:44] EDIT datachain/private/appconfig.ini: 0
[2017-02-15 19:19:49] EDIT datachain/private/appconfig.ini: 0
[2017-02-16 11:58:19] EDIT datachain/controllers/default.py: 3
[2017-02-16 11:58:52] EDIT datachain/controllers/default.py: 2
[2017-02-16 11:59:16] EDIT datachain/controllers/default.py: 1
[2017-02-16 11:59:32] EDIT datachain/controllers/default.py: -1
[2017-02-16 11:59:46] EDIT datachain/controllers/default.py: 2
[2017-02-16 12:00:31] EDIT datachain/controllers/default.py: 0
[2017-02-16 12:16:08] EDIT datachain/controllers/default.py: 2
[2017-02-16 12:17:01] EDIT datachain/controllers/default.py: 0
[2017-02-16 12:17:19] EDIT datachain/controllers/default.py: 0
[2017-02-16 12:17:32] EDIT datachain/controllers/default.py: 0
[2017-02-16 12:17:51] EDIT datachain/controllers/default.py: 0
[2017-02-16 12:19:04] EDIT datachain/controllers/default.py: 0
[2017-02-16 12:19:16] EDIT datachain/controllers/default.py: 0
[2017-02-16 12:22:18] EDIT datachain/controllers/default.py: 1
[2017-02-16 12:25:53] EDIT datachain/controllers/default.py: 0
[2017-02-16 12:27:55] EDIT datachain/controllers/default.py: 1
[2017-02-16 13:01:53] EDIT datachain/controllers/default.py: 0
[2017-02-16 23:16:18] EDIT datachain/controllers/default.py: 0
[2017-02-16 23:18:50] EDIT datachain/controllers/default.py: 0
[2017-02-19 23:10:03] EDIT datachain/controllers/tools.py: 0
[2017-02-19 23:10:32] EDIT datachain/controllers/tools.py: 0
[2017-02-19 23:10:45] EDIT datachain/controllers/tools.py: 0
[2017-02-19 23:10:59] EDIT datachain/controllers/tools.py: 0
[2017-02-19 23:11:07] EDIT datachain/controllers/tools.py: 0
[2017-02-19 23:14:04] EDIT datachain/controllers/tools.py: 0
[2017-02-19 23:18:53] EDIT datachain/controllers/tools.py: 0
[2017-02-23 14:08:44] EDIT datachain/controllers/cabinet.py: 0
[2017-02-23 14:08:58] EDIT datachain/controllers/cabinet.py: 0
[2017-02-23 14:18:41] EDIT datachain/models/0.py: 0
[2017-02-23 14:21:41] EDIT datachain/controllers/tools.py: 0
[2017-02-23 14:21:48] EDIT datachain/controllers/tools.py: 0
[2017-02-23 14:22:10] EDIT datachain/controllers/tools.py: 0
[2017-02-23 14:23:18] EDIT datachain/controllers/tools.py: 0
[2017-02-24 13:40:02] EDIT datachain/models/0.py: 0
[2017-02-26 19:06:56] EDIT datachain/controllers/news.py: 4
[2017-02-26 19:07:44] EDIT datachain/models/menu.py: 0
[2017-02-26 19:07:48] EDIT datachain/models/menu.py: 0
[2017-02-26 19:08:05] EDIT datachain/models/menu1.py: 0
[2017-02-28 18:43:37] EDIT datachain/controllers/cabinet.py: 0
[2017-03-01 15:42:06] EDIT datachain/controllers/bc3base.py: 7
[2017-03-03 14:17:42] EDIT datachain/controllers/cabinet.py: 0
[2017-03-05 00:32:38] EDIT datachain/controllers/cabinet.py: 0
[2017-03-05 22:40:36] EDIT datachain/controllers/cabinet.py: 0
[2017-03-05 22:53:06] EDIT datachain/controllers/tools.py: 0
[2017-03-05 22:54:04] EDIT datachain/controllers/tools.py: 0
[2017-03-05 22:54:22] EDIT datachain/controllers/tools.py: 0
[2017-03-05 22:54:50] EDIT datachain/controllers/tools.py: 0
[2017-03-05 23:08:05] EDIT datachain/controllers/tools.py: 0
[2017-03-05 23:08:11] EDIT datachain/controllers/tools.py: 0
[2017-03-06 01:23:20] EDIT datachain/controllers/cabinet.py: 0
[2017-03-08 21:10:15] EDIT datachain/controllers/cabinet.py: 0
[2017-03-08 21:11:39] EDIT datachain/models/0.py: 0
[2017-03-08 21:14:30] EDIT datachain/controllers/tools.py: 0
[2017-03-08 21:15:17] EDIT datachain/controllers/tools.py: 0
[2017-03-08 21:19:57] EDIT datachain/controllers/tools.py: 0
[2017-03-09 03:33:50] EDIT datachain/controllers/bc3base.py: 5
[2017-03-09 03:35:16] EDIT datachain/controllers/bc3base.py: 0
[2017-03-09 13:43:01] EDIT datachain/controllers/cabinet.py: 0
[2017-03-10 14:38:15] EDIT datachain/controllers/cabinet.py: 5
[2017-03-10 14:42:07] EDIT datachain/controllers/cabinet.py: 5
[2017-03-10 14:42:20] EDIT datachain/controllers/cabinet.py: 0
[2017-03-10 14:43:43] EDIT datachain/controllers/cabinet.py: 2
[2017-03-10 17:40:13] EDIT datachain/controllers/cabinet.py: 0
[2017-03-10 17:45:26] EDIT datachain/controllers/bc3base.py: 4
[2017-03-10 17:45:35] EDIT datachain/controllers/bc3base.py: 0
[2017-03-10 17:46:16] EDIT datachain/controllers/bc3base.py: 0
